Arguments: 
  C:\Program Files\nodejs\node.exe C:\Program Files\nodejs\node_modules\yarn\bin\yarn.js add json-server

PATH: 
  C:\Users\Vandana\bin;C:\Program Files\Git\mingw64\bin;C:\Program Files\Git\usr\local\bin;C:\Program Files\Git\usr\bin;C:\Program Files\Git\usr\bin;C:\Program Files\Git\mingw64\bin;C:\Program Files\Git\usr\bin;C:\Users\Vandana\bin;C:\Program Files\Java\jdk1.8.0_251\bin;C:\Python310\Scripts;C:\Python310;C:\Program Files (x86)\Common Files\Oracle\Java\javapath;C:\windows\system32;C:\windows;C:\windows\System32\Wbem;C:\windows\System32\WindowsPowerShell\v1.0;C:\windows\System32\OpenSSH;C:\Program Files (x86)\NVIDIA Corporation\PhysX\Common;C:\Program Files\NVIDIA Corporation\NVIDIA NvDLISR;C:\Program Files\PuTTY;C:\WINDOWS\system32;C:\WINDOWS;C:\WINDOWS\System32\Wbem;C:\WINDOWS\System32\WindowsPowerShell\v1.0;C:\WINDOWS\System32\OpenSSH;C:\ProgramData\chocolatey\bin;C:\Program Files\Git\cmd;C:\Users\Vandana\AppData\Roaming\nvm;C:\Program Files\nodejs;C:\Users\Vandana\.console-ninja\.bin;C:\Users\Vandana\AppData\Local\Microsoft\WindowsApps;C:\Users\Vandana\AppData\Local\Programs\Microsoft VS Code\bin;C:\MinGW\bin;C:\Users\Vandana\AppData\Roaming\npm;C:\Users\Vandana\AppData\Roaming\nvm;C:\Program Files\nodejs;C:\Users\Vandana\AppData\Local\GitHubDesktop\bin;C:\Users\Vandana\.deno\bin;C:\Program Files\Git\usr\bin\vendor_perl;C:\Program Files\Git\usr\bin\core_perl

Yarn version: 
  1.22.19

Node version: 
  20.8.0

Platform: 
  win32 x64

Trace: 
  AggregateError
      at internalConnectMultiple (node:net:1114:18)
      at afterConnectMultiple (node:net:1667:5)

npm manifest: 
  {
    "name": "json",
    "version": "1.0.0",
    "description": "",
    "main": "index.js",
    "scripts": {
      "test": "echo \"Error: no test specified\" && exit 1"
    },
    "keywords": [],
    "author": "",
    "license": "ISC"
  }

yarn manifest: 
  No manifest

Lockfile: 
  # THIS IS AN AUTOGENERATED FILE. DO NOT EDIT THIS FILE DIRECTLY.
  # yarn lockfile v1
